<?xml version="1.0" encoding="UTF-8"?>
<!-- Generated by org.testng.reporters.JUnitReportReporter -->
<testsuite hostname="MX-IT01016" name="com.globantu.automation.yoniffer_mendez.test.TravelocityTest" tests="1" failures="0" timestamp="15 Nov 2017 21:05:26 GMT" time="47.897" errors="0">
  <testcase name="testSearchFlight" time="47.897" classname="com.globantu.automation.yoniffer_mendez.test.TravelocityTest"/>
</testsuite> <!-- com.globantu.automation.yoniffer_mendez.test.TravelocityTest -->
